
*** Running vivado
    with args -log blk_mem.vds -m64 -product Vivado -mode batch -messageDb vivado.pb -notrace -source blk_mem.tcl


****** Vivado v2018.3 (64-bit)
  **** SW Build 2405991 on Thu Dec  6 23:38:27 MST 2018
  **** IP Build 2404404 on Fri Dec  7 01:43:56 MST 2018
    ** Copyright 1986-2018 Xilinx, Inc. All Rights Reserved.

source blk_mem.tcl -notrace
Command: synth_design -top blk_mem -part xc7a100tcsg324-1 -mode out_of_context
Starting synth_design
Attempting to get a license for feature 'Synthesis' and/or device 'xc7a100t'
INFO: [Common 17-349] Got license for feature 'Synthesis' and/or device 'xc7a100t'
INFO: Launching helper process for spawning children vivado processes
INFO: Helper process launched with PID 1364 
---------------------------------------------------------------------------------
Starting RTL Elaboration : Time (s): cpu = 00:00:02 ; elapsed = 00:00:05 . Memory (MB): peak = 393.652 ; gain = 101.953
---------------------------------------------------------------------------------
INFO: [Synth 8-638] synthesizing module 'blk_mem' [d:/Harry/university/CPU/Pipeline/Pipeline.srcs/sources_1/ip/blk_mem/synth/blk_mem.vhd:70]
	Parameter C_FAMILY bound to: artix7 - type: string 
	Parameter C_XDEVICEFAMILY bound to: artix7 - type: string 
	Parameter C_ELABORATION_DIR bound to: ./ - type: string 
	Parameter C_INTERFACE_TYPE bound to: 0 - type: integer 
	Parameter C_AXI_TYPE bound to: 1 - type: integer 
	Parameter C_AXI_SLAVE_TYPE bound to: 0 - type: integer 
	Parameter C_USE_BRAM_BLOCK bound to: 0 - type: integer 
	Parameter C_ENABLE_32BIT_ADDRESS bound to: 0 - type: integer 
	Parameter C_CTRL_ECC_ALGO bound to: NONE - type: string 
	Parameter C_HAS_AXI_ID bound to: 0 - type: integer 
	Parameter C_AXI_ID_WIDTH bound to: 4 - type: integer 
	Parameter C_MEM_TYPE bound to: 0 - type: integer 
	Parameter C_BYTE_SIZE bound to: 8 - type: integer 
	Parameter C_ALGORITHM bound to: 1 - type: integer 
	Parameter C_PRIM_TYPE bound to: 1 - type: integer 
	Parameter C_LOAD_INIT_FILE bound to: 0 - type: integer 
	Parameter C_INIT_FILE_NAME bound to: no_coe_file_loaded - type: string 
	Parameter C_INIT_FILE bound to: blk_mem.mem - type: string 
	Parameter C_USE_DEFAULT_DATA bound to: 1 - type: integer 
	Parameter C_DEFAULT_DATA bound to: 0 - type: string 
	Parameter C_HAS_RSTA bound to: 0 - type: integer 
	Parameter C_RST_PRIORITY_A bound to: CE - type: string 
	Parameter C_RSTRAM_A bound to: 0 - type: integer 
	Parameter C_INITA_VAL bound to: 0 - type: string 
	Parameter C_HAS_ENA bound to: 1 - type: integer 
	Parameter C_HAS_REGCEA bound to: 0 - type: integer 
	Parameter C_USE_BYTE_WEA bound to: 1 - type: integer 
	Parameter C_WEA_WIDTH bound to: 4 - type: integer 
	Parameter C_WRITE_MODE_A bound to: WRITE_FIRST - type: string 
	Parameter C_WRITE_WIDTH_A bound to: 32 - type: integer 
	Parameter C_READ_WIDTH_A bound to: 32 - type: integer 
	Parameter C_WRITE_DEPTH_A bound to: 131072 - type: integer 
	Parameter C_READ_DEPTH_A bound to: 131072 - type: integer 
	Parameter C_ADDRA_WIDTH bound to: 17 - type: integer 
	Parameter C_HAS_RSTB bound to: 0 - type: integer 
	Parameter C_RST_PRIORITY_B bound to: CE - type: string 
	Parameter C_RSTRAM_B bound to: 0 - type: integer 
	Parameter C_INITB_VAL bound to: 0 - type: string 
	Parameter C_HAS_ENB bound to: 0 - type: integer 
	Parameter C_HAS_REGCEB bound to: 0 - type: integer 
	Parameter C_USE_BYTE_WEB bound to: 1 - type: integer 
	Parameter C_WEB_WIDTH bound to: 4 - type: integer 
	Parameter C_WRITE_MODE_B bound to: WRITE_FIRST - type: string 
	Parameter C_WRITE_WIDTH_B bound to: 32 - type: integer 
	Parameter C_READ_WIDTH_B bound to: 32 - type: integer 
	Parameter C_WRITE_DEPTH_B bound to: 131072 - type: integer 
	Parameter C_READ_DEPTH_B bound to: 131072 - type: integer 
	Parameter C_ADDRB_WIDTH bound to: 17 - type: integer 
	Parameter C_HAS_MEM_OUTPUT_REGS_A bound to: 0 - type: integer 
	Parameter C_HAS_MEM_OUTPUT_REGS_B bound to: 0 - type: integer 
	Parameter C_HAS_MUX_OUTPUT_REGS_A bound to: 0 - type: integer 
	Parameter C_HAS_MUX_OUTPUT_REGS_B bound to: 0 - type: integer 
	Parameter C_MUX_PIPELINE_STAGES bound to: 0 - type: integer 
	Parameter C_HAS_SOFTECC_INPUT_REGS_A bound to: 0 - type: integer 
	Parameter C_HAS_SOFTECC_OUTPUT_REGS_B bound to: 0 - type: integer 
	Parameter C_USE_SOFTECC bound to: 0 - type: integer 
	Parameter C_USE_ECC bound to: 0 - type: integer 
	Parameter C_EN_ECC_PIPE bound to: 0 - type: integer 
	Parameter C_READ_LATENCY_A bound to: 1 - type: integer 
	Parameter C_READ_LATENCY_B bound to: 1 - type: integer 
	Parameter C_HAS_INJECTERR bound to: 0 - type: integer 
	Parameter C_SIM_COLLISION_CHECK bound to: ALL - type: string 
	Parameter C_COMMON_CLK bound to: 0 - type: integer 
	Parameter C_DISABLE_WARN_BHV_COLL bound to: 0 - type: integer 
	Parameter C_EN_SLEEP_PIN bound to: 0 - type: integer 
	Parameter C_USE_URAM bound to: 0 - type: integer 
	Parameter C_EN_RDADDRA_CHG bound to: 0 - type: integer 
	Parameter C_EN_RDADDRB_CHG bound to: 0 - type: integer 
	Parameter C_EN_DEEPSLEEP_PIN bound to: 0 - type: integer 
	Parameter C_EN_SHUTDOWN_PIN bound to: 0 - type: integer 
	Parameter C_EN_SAFETY_CKT bound to: 0 - type: integer 
	Parameter C_DISABLE_WARN_BHV_RANGE bound to: 0 - type: integer 
	Parameter C_COUNT_36K_BRAM bound to: 128 - type: string 
	Parameter C_COUNT_18K_BRAM bound to: 0 - type: string 
	Parameter C_EST_POWER_SUMMARY bound to: Estimated Power for IP     :     10.194003 mW - type: string 
INFO: [Synth 8-3491] module 'blk_mem_gen_v8_4_2' declared at 'd:/Harry/university/CPU/Pipeline/Pipeline.srcs/sources_1/ip/blk_mem/hdl/blk_mem_gen_v8_4_vhsyn_rfs.vhd:195321' bound to instance 'U0' of component 'blk_mem_gen_v8_4_2' [d:/Harry/university/CPU/Pipeline/Pipeline.srcs/sources_1/ip/blk_mem/synth/blk_mem.vhd:236]
INFO: [Synth 8-256] done synthesizing module 'blk_mem' (11#1) [d:/Harry/university/CPU/Pipeline/Pipeline.srcs/sources_1/ip/blk_mem/synth/blk_mem.vhd:70]
WARNING: [Synth 8-3331] design blk_mem_gen_mux__parameterized0 has unconnected port MUX_RST[0]
WARNING: [Synth 8-3331] design blk_mem_gen_mux__parameterized0 has unconnected port MEM_LAT_RST
WARNING: [Synth 8-3331] design blk_mem_gen_mux__parameterized0 has unconnected port MEM_REG_RST
WARNING: [Synth 8-3331] design blk_mem_gen_mux__parameterized0 has unconnected port MUX_REGCE[0]
WARNING: [Synth 8-3331] design blk_mem_gen_mux__parameterized0 has unconnected port MEM_REGCE
WARNING: [Synth 8-3331] design blk_mem_gen_mux__parameterized0 has unconnected port WE
WARNING: [Synth 8-3331] design blk_mem_gen_mux__parameterized0 has unconnected port ADDR_IN[16]
WARNING: [Synth 8-3331] design blk_mem_gen_mux__parameterized0 has unconnected port ADDR_IN[15]
WARNING: [Synth 8-3331] design blk_mem_gen_mux__parameterized0 has unconnected port ADDR_IN[14]
WARNING: [Synth 8-3331] design blk_mem_gen_mux__parameterized0 has unconnected port ADDR_IN[13]
WARNING: [Synth 8-3331] design blk_mem_gen_mux__parameterized0 has unconnected port ADDR_IN[12]
WARNING: [Synth 8-3331] design blk_mem_gen_mux__parameterized0 has unconnected port ADDR_IN[11]
WARNING: [Synth 8-3331] design blk_mem_gen_mux__parameterized0 has unconnected port ADDR_IN[10]
WARNING: [Synth 8-3331] design blk_mem_gen_mux__parameterized0 has unconnected port ADDR_IN[9]
WARNING: [Synth 8-3331] design blk_mem_gen_mux__parameterized0 has unconnected port ADDR_IN[8]
WARNING: [Synth 8-3331] design blk_mem_gen_mux__parameterized0 has unconnected port ADDR_IN[7]
WARNING: [Synth 8-3331] design blk_mem_gen_mux__parameterized0 has unconnected port ADDR_IN[6]
WARNING: [Synth 8-3331] design blk_mem_gen_mux__parameterized0 has unconnected port ADDR_IN[5]
WARNING: [Synth 8-3331] design blk_mem_gen_mux__parameterized0 has unconnected port ADDR_IN[4]
WARNING: [Synth 8-3331] design blk_mem_gen_mux__parameterized0 has unconnected port ADDR_IN[3]
WARNING: [Synth 8-3331] design blk_mem_gen_mux__parameterized0 has unconnected port ADDR_IN[2]
WARNING: [Synth 8-3331] design blk_mem_gen_mux__parameterized0 has unconnected port ADDR_IN[1]
WARNING: [Synth 8-3331] design blk_mem_gen_mux__parameterized0 has unconnected port ADDR_IN[0]
WARNING: [Synth 8-3331] design blk_mem_gen_mux__parameterized0 has unconnected port SBITERRIN[255]
WARNING: [Synth 8-3331] design blk_mem_gen_mux__parameterized0 has unconnected port SBITERRIN[254]
WARNING: [Synth 8-3331] design blk_mem_gen_mux__parameterized0 has unconnected port SBITERRIN[253]
WARNING: [Synth 8-3331] design blk_mem_gen_mux__parameterized0 has unconnected port SBITERRIN[252]
WARNING: [Synth 8-3331] design blk_mem_gen_mux__parameterized0 has unconnected port SBITERRIN[251]
WARNING: [Synth 8-3331] design blk_mem_gen_mux__parameterized0 has unconnected port SBITERRIN[250]
WARNING: [Synth 8-3331] design blk_mem_gen_mux__parameterized0 has unconnected port SBITERRIN[249]
WARNING: [Synth 8-3331] design blk_mem_gen_mux__parameterized0 has unconnected port SBITERRIN[248]
WARNING: [Synth 8-3331] design blk_mem_gen_mux__parameterized0 has unconnected port SBITERRIN[247]
WARNING: [Synth 8-3331] design blk_mem_gen_mux__parameterized0 has unconnected port SBITERRIN[246]
WARNING: [Synth 8-3331] design blk_mem_gen_mux__parameterized0 has unconnected port SBITERRIN[245]
WARNING: [Synth 8-3331] design blk_mem_gen_mux__parameterized0 has unconnected port SBITERRIN[244]
WARNING: [Synth 8-3331] design blk_mem_gen_mux__parameterized0 has unconnected port SBITERRIN[243]
WARNING: [Synth 8-3331] design blk_mem_gen_mux__parameterized0 has unconnected port SBITERRIN[242]
WARNING: [Synth 8-3331] design blk_mem_gen_mux__parameterized0 has unconnected port SBITERRIN[241]
WARNING: [Synth 8-3331] design blk_mem_gen_mux__parameterized0 has unconnected port SBITERRIN[240]
WARNING: [Synth 8-3331] design blk_mem_gen_mux__parameterized0 has unconnected port SBITERRIN[239]
WARNING: [Synth 8-3331] design blk_mem_gen_mux__parameterized0 has unconnected port SBITERRIN[238]
WARNING: [Synth 8-3331] design blk_mem_gen_mux__parameterized0 has unconnected port SBITERRIN[237]
WARNING: [Synth 8-3331] design blk_mem_gen_mux__parameterized0 has unconnected port SBITERRIN[236]
WARNING: [Synth 8-3331] design blk_mem_gen_mux__parameterized0 has unconnected port SBITERRIN[235]
WARNING: [Synth 8-3331] design blk_mem_gen_mux__parameterized0 has unconnected port SBITERRIN[234]
WARNING: [Synth 8-3331] design blk_mem_gen_mux__parameterized0 has unconnected port SBITERRIN[233]
WARNING: [Synth 8-3331] design blk_mem_gen_mux__parameterized0 has unconnected port SBITERRIN[232]
WARNING: [Synth 8-3331] design blk_mem_gen_mux__parameterized0 has unconnected port SBITERRIN[231]
WARNING: [Synth 8-3331] design blk_mem_gen_mux__parameterized0 has unconnected port SBITERRIN[230]
WARNING: [Synth 8-3331] design blk_mem_gen_mux__parameterized0 has unconnected port SBITERRIN[229]
WARNING: [Synth 8-3331] design blk_mem_gen_mux__parameterized0 has unconnected port SBITERRIN[228]
WARNING: [Synth 8-3331] design blk_mem_gen_mux__parameterized0 has unconnected port SBITERRIN[227]
WARNING: [Synth 8-3331] design blk_mem_gen_mux__parameterized0 has unconnected port SBITERRIN[226]
WARNING: [Synth 8-3331] design blk_mem_gen_mux__parameterized0 has unconnected port SBITERRIN[225]
WARNING: [Synth 8-3331] design blk_mem_gen_mux__parameterized0 has unconnected port SBITERRIN[224]
WARNING: [Synth 8-3331] design blk_mem_gen_mux__parameterized0 has unconnected port SBITERRIN[223]
WARNING: [Synth 8-3331] design blk_mem_gen_mux__parameterized0 has unconnected port SBITERRIN[222]
WARNING: [Synth 8-3331] design blk_mem_gen_mux__parameterized0 has unconnected port SBITERRIN[221]
WARNING: [Synth 8-3331] design blk_mem_gen_mux__parameterized0 has unconnected port SBITERRIN[220]
WARNING: [Synth 8-3331] design blk_mem_gen_mux__parameterized0 has unconnected port SBITERRIN[219]
WARNING: [Synth 8-3331] design blk_mem_gen_mux__parameterized0 has unconnected port SBITERRIN[218]
WARNING: [Synth 8-3331] design blk_mem_gen_mux__parameterized0 has unconnected port SBITERRIN[217]
WARNING: [Synth 8-3331] design blk_mem_gen_mux__parameterized0 has unconnected port SBITERRIN[216]
WARNING: [Synth 8-3331] design blk_mem_gen_mux__parameterized0 has unconnected port SBITERRIN[215]
WARNING: [Synth 8-3331] design blk_mem_gen_mux__parameterized0 has unconnected port SBITERRIN[214]
WARNING: [Synth 8-3331] design blk_mem_gen_mux__parameterized0 has unconnected port SBITERRIN[213]
WARNING: [Synth 8-3331] design blk_mem_gen_mux__parameterized0 has unconnected port SBITERRIN[212]
WARNING: [Synth 8-3331] design blk_mem_gen_mux__parameterized0 has unconnected port SBITERRIN[211]
WARNING: [Synth 8-3331] design blk_mem_gen_mux__parameterized0 has unconnected port SBITERRIN[210]
WARNING: [Synth 8-3331] design blk_mem_gen_mux__parameterized0 has unconnected port SBITERRIN[209]
WARNING: [Synth 8-3331] design blk_mem_gen_mux__parameterized0 has unconnected port SBITERRIN[208]
WARNING: [Synth 8-3331] design blk_mem_gen_mux__parameterized0 has unconnected port SBITERRIN[207]
WARNING: [Synth 8-3331] design blk_mem_gen_mux__parameterized0 has unconnected port SBITERRIN[206]
WARNING: [Synth 8-3331] design blk_mem_gen_mux__parameterized0 has unconnected port SBITERRIN[205]
WARNING: [Synth 8-3331] design blk_mem_gen_mux__parameterized0 has unconnected port SBITERRIN[204]
WARNING: [Synth 8-3331] design blk_mem_gen_mux__parameterized0 has unconnected port SBITERRIN[203]
WARNING: [Synth 8-3331] design blk_mem_gen_mux__parameterized0 has unconnected port SBITERRIN[202]
WARNING: [Synth 8-3331] design blk_mem_gen_mux__parameterized0 has unconnected port SBITERRIN[201]
WARNING: [Synth 8-3331] design blk_mem_gen_mux__parameterized0 has unconnected port SBITERRIN[200]
WARNING: [Synth 8-3331] design blk_mem_gen_mux__parameterized0 has unconnected port SBITERRIN[199]
WARNING: [Synth 8-3331] design blk_mem_gen_mux__parameterized0 has unconnected port SBITERRIN[198]
WARNING: [Synth 8-3331] design blk_mem_gen_mux__parameterized0 has unconnected port SBITERRIN[197]
WARNING: [Synth 8-3331] design blk_mem_gen_mux__parameterized0 has unconnected port SBITERRIN[196]
WARNING: [Synth 8-3331] design blk_mem_gen_mux__parameterized0 has unconnected port SBITERRIN[195]
WARNING: [Synth 8-3331] design blk_mem_gen_mux__parameterized0 has unconnected port SBITERRIN[194]
WARNING: [Synth 8-3331] design blk_mem_gen_mux__parameterized0 has unconnected port SBITERRIN[193]
WARNING: [Synth 8-3331] design blk_mem_gen_mux__parameterized0 has unconnected port SBITERRIN[192]
WARNING: [Synth 8-3331] design blk_mem_gen_mux__parameterized0 has unconnected port SBITERRIN[191]
WARNING: [Synth 8-3331] design blk_mem_gen_mux__parameterized0 has unconnected port SBITERRIN[190]
WARNING: [Synth 8-3331] design blk_mem_gen_mux__parameterized0 has unconnected port SBITERRIN[189]
WARNING: [Synth 8-3331] design blk_mem_gen_mux__parameterized0 has unconnected port SBITERRIN[188]
WARNING: [Synth 8-3331] design blk_mem_gen_mux__parameterized0 has unconnected port SBITERRIN[187]
WARNING: [Synth 8-3331] design blk_mem_gen_mux__parameterized0 has unconnected port SBITERRIN[186]
WARNING: [Synth 8-3331] design blk_mem_gen_mux__parameterized0 has unconnected port SBITERRIN[185]
WARNING: [Synth 8-3331] design blk_mem_gen_mux__parameterized0 has unconnected port SBITERRIN[184]
WARNING: [Synth 8-3331] design blk_mem_gen_mux__parameterized0 has unconnected port SBITERRIN[183]
WARNING: [Synth 8-3331] design blk_mem_gen_mux__parameterized0 has unconnected port SBITERRIN[182]
WARNING: [Synth 8-3331] design blk_mem_gen_mux__parameterized0 has unconnected port SBITERRIN[181]
WARNING: [Synth 8-3331] design blk_mem_gen_mux__parameterized0 has unconnected port SBITERRIN[180]
WARNING: [Synth 8-3331] design blk_mem_gen_mux__parameterized0 has unconnected port SBITERRIN[179]
INFO: [Common 17-14] Message 'Synth 8-3331' appears 100 times and further instances of the messages will be disabled. Use the Tcl command set_msg_config to change the current settings.
---------------------------------------------------------------------------------
Finished RTL Elaboration : Time (s): cpu = 00:02:39 ; elapsed = 00:04:42 . Memory (MB): peak = 1215.895 ; gain = 924.195
---------------------------------------------------------------------------------

Report Check Netlist: 
+------+------------------+-------+---------+-------+------------------+
|      |Item              |Errors |Warnings |Status |Description       |
+------+------------------+-------+---------+-------+------------------+
|1     |multi_driven_nets |      0|        0|Passed |Multi driven nets |
+------+------------------+-------+---------+-------+------------------+
---------------------------------------------------------------------------------
Start Handling Custom Attributes
---------------------------------------------------------------------------------
---------------------------------------------------------------------------------
Finished Handling Custom Attributes : Time (s): cpu = 00:02:39 ; elapsed = 00:04:43 . Memory (MB): peak = 1215.895 ; gain = 924.195
---------------------------------------------------------------------------------
---------------------------------------------------------------------------------
Finished RTL Optimization Phase 1 : Time (s): cpu = 00:02:39 ; elapsed = 00:04:43 . Memory (MB): peak = 1215.895 ; gain = 924.195
---------------------------------------------------------------------------------
INFO: [Netlist 29-17] Analyzing 128 Unisim elements for replacement
INFO: [Netlist 29-28] Unisim Transformation completed in 0 CPU seconds
INFO: [Device 21-403] Loading part xc7a100tcsg324-1
INFO: [Project 1-570] Preparing netlist for logic optimization

Processing XDC Constraints
Initializing timing engine
Parsing XDC File [d:/Harry/university/CPU/Pipeline/Pipeline.srcs/sources_1/ip/blk_mem/blk_mem_ooc.xdc] for cell 'U0'
Finished Parsing XDC File [d:/Harry/university/CPU/Pipeline/Pipeline.srcs/sources_1/ip/blk_mem/blk_mem_ooc.xdc] for cell 'U0'
Parsing XDC File [D:/Harry/university/CPU/Pipeline/Pipeline.runs/blk_mem_synth_1/dont_touch.xdc]
Finished Parsing XDC File [D:/Harry/university/CPU/Pipeline/Pipeline.runs/blk_mem_synth_1/dont_touch.xdc]
Completed Processing XDC Constraints

Netlist sorting complete. Time (s): cpu = 00:00:00 ; elapsed = 00:00:00.002 . Memory (MB): peak = 1215.895 ; gain = 0.000
INFO: [Project 1-111] Unisim Transformation Summary:
No Unisim elements were transformed.

Netlist sorting complete. Time (s): cpu = 00:00:00 ; elapsed = 00:00:00.001 . Memory (MB): peak = 1215.895 ; gain = 0.000
Constraint Validation Runtime : Time (s): cpu = 00:00:00 ; elapsed = 00:00:00.070 . Memory (MB): peak = 1215.895 ; gain = 0.000
---------------------------------------------------------------------------------
Finished Constraint Validation : Time (s): cpu = 00:02:45 ; elapsed = 00:04:53 . Memory (MB): peak = 1215.895 ; gain = 924.195
---------------------------------------------------------------------------------
---------------------------------------------------------------------------------
Start Loading Part and Timing Information
---------------------------------------------------------------------------------
Loading part: xc7a100tcsg324-1
---------------------------------------------------------------------------------
Finished Loading Part and Timing Information : Time (s): cpu = 00:02:45 ; elapsed = 00:04:53 . Memory (MB): peak = 1215.895 ; gain = 924.195
---------------------------------------------------------------------------------
---------------------------------------------------------------------------------
Start Applying 'set_property' XDC Constraints
---------------------------------------------------------------------------------
Applied set_property DONT_TOUCH = true for U0. (constraint file  D:/Harry/university/CPU/Pipeline/Pipeline.runs/blk_mem_synth_1/dont_touch.xdc, line 9).
---------------------------------------------------------------------------------
Finished applying 'set_property' XDC Constraints : Time (s): cpu = 00:02:45 ; elapsed = 00:04:53 . Memory (MB): peak = 1215.895 ; gain = 924.195
---------------------------------------------------------------------------------
---------------------------------------------------------------------------------
Finished RTL Optimization Phase 2 : Time (s): cpu = 00:02:46 ; elapsed = 00:04:56 . Memory (MB): peak = 1215.895 ; gain = 924.195
---------------------------------------------------------------------------------

Report RTL Partitions: 
+-+--------------+------------+----------+
| |RTL Partition |Replication |Instances |
+-+--------------+------------+----------+
+-+--------------+------------+----------+
---------------------------------------------------------------------------------
Start RTL Component Statistics 
---------------------------------------------------------------------------------
Detailed RTL Component Info : 
+---Registers : 
	                6 Bit    Registers := 2     
+---Muxes : 
	   2 Input      1 Bit        Muxes := 128   
---------------------------------------------------------------------------------
Finished RTL Component Statistics 
---------------------------------------------------------------------------------
---------------------------------------------------------------------------------
Start RTL Hierarchical Component Statistics 
---------------------------------------------------------------------------------
Hierarchical RTL Component report 
Module bindec 
Detailed RTL Component Info : 
+---Muxes : 
	   2 Input      1 Bit        Muxes := 64    
Module blk_mem_gen_mux 
Detailed RTL Component Info : 
+---Registers : 
	                6 Bit    Registers := 1     
Module blk_mem_gen_mux__parameterized0 
Detailed RTL Component Info : 
+---Registers : 
	                6 Bit    Registers := 1     
---------------------------------------------------------------------------------
Finished RTL Hierarchical Component Statistics
---------------------------------------------------------------------------------
---------------------------------------------------------------------------------
Start Part Resource Summary
---------------------------------------------------------------------------------
Part Resources:
DSPs: 240 (col length:80)
BRAMs: 270 (col length: RAMB18 80 RAMB36 40)
---------------------------------------------------------------------------------
Finished Part Resource Summary
---------------------------------------------------------------------------------
---------------------------------------------------------------------------------
Start Cross Boundary and Area Optimization
---------------------------------------------------------------------------------
Warning: Parallel synthesis criteria is not met 
---------------------------------------------------------------------------------
Finished Cross Boundary and Area Optimization : Time (s): cpu = 00:02:49 ; elapsed = 00:05:00 . Memory (MB): peak = 1215.895 ; gain = 924.195
---------------------------------------------------------------------------------

Report RTL Partitions: 
+-+--------------+------------+----------+
| |RTL Partition |Replication |Instances |
+-+--------------+------------+----------+
+-+--------------+------------+----------+
---------------------------------------------------------------------------------
Start Applying XDC Timing Constraints
---------------------------------------------------------------------------------
---------------------------------------------------------------------------------
Finished Applying XDC Timing Constraints : Time (s): cpu = 00:02:53 ; elapsed = 00:05:08 . Memory (MB): peak = 1215.895 ; gain = 924.195
---------------------------------------------------------------------------------
---------------------------------------------------------------------------------
Start Timing Optimization
---------------------------------------------------------------------------------
---------------------------------------------------------------------------------
Finished Timing Optimization : Time (s): cpu = 00:02:53 ; elapsed = 00:05:08 . Memory (MB): peak = 1215.895 ; gain = 924.195
---------------------------------------------------------------------------------

Report RTL Partitions: 
+-+--------------+------------+----------+
| |RTL Partition |Replication |Instances |
+-+--------------+------------+----------+
+-+--------------+------------+----------+
---------------------------------------------------------------------------------
Start Technology Mapping
---------------------------------------------------------------------------------
---------------------------------------------------------------------------------
Finished Technology Mapping : Time (s): cpu = 00:02:53 ; elapsed = 00:05:08 . Memory (MB): peak = 1215.895 ; gain = 924.195
---------------------------------------------------------------------------------

Report RTL Partitions: 
+-+--------------+------------+----------+
| |RTL Partition |Replication |Instances |
+-+--------------+------------+----------+
+-+--------------+------------+----------+
---------------------------------------------------------------------------------
Start IO Insertion
---------------------------------------------------------------------------------
---------------------------------------------------------------------------------
Start Flattening Before IO Insertion
---------------------------------------------------------------------------------
---------------------------------------------------------------------------------
Finished Flattening Before IO Insertion
---------------------------------------------------------------------------------
---------------------------------------------------------------------------------
Start Final Netlist Cleanup
---------------------------------------------------------------------------------
---------------------------------------------------------------------------------
Finished Final Netlist Cleanup
---------------------------------------------------------------------------------
---------------------------------------------------------------------------------
Finished IO Insertion : Time (s): cpu = 00:02:53 ; elapsed = 00:05:09 . Memory (MB): peak = 1215.895 ; gain = 924.195
---------------------------------------------------------------------------------

Report Check Netlist: 
+------+------------------+-------+---------+-------+------------------+
|      |Item              |Errors |Warnings |Status |Description       |
+------+------------------+-------+---------+-------+------------------+
|1     |multi_driven_nets |      0|        0|Passed |Multi driven nets |
+------+------------------+-------+---------+-------+------------------+
---------------------------------------------------------------------------------
Start Renaming Generated Instances
---------------------------------------------------------------------------------
---------------------------------------------------------------------------------
Finished Renaming Generated Instances : Time (s): cpu = 00:02:53 ; elapsed = 00:05:09 . Memory (MB): peak = 1215.895 ; gain = 924.195
---------------------------------------------------------------------------------

Report RTL Partitions: 
+-+--------------+------------+----------+
| |RTL Partition |Replication |Instances |
+-+--------------+------------+----------+
+-+--------------+------------+----------+
---------------------------------------------------------------------------------
Start Rebuilding User Hierarchy
---------------------------------------------------------------------------------
---------------------------------------------------------------------------------
Finished Rebuilding User Hierarchy : Time (s): cpu = 00:02:53 ; elapsed = 00:05:09 . Memory (MB): peak = 1215.895 ; gain = 924.195
---------------------------------------------------------------------------------
---------------------------------------------------------------------------------
Start Renaming Generated Ports
---------------------------------------------------------------------------------
---------------------------------------------------------------------------------
Finished Renaming Generated Ports : Time (s): cpu = 00:02:53 ; elapsed = 00:05:09 . Memory (MB): peak = 1215.895 ; gain = 924.195
---------------------------------------------------------------------------------
---------------------------------------------------------------------------------
Start Handling Custom Attributes
---------------------------------------------------------------------------------
---------------------------------------------------------------------------------
Finished Handling Custom Attributes : Time (s): cpu = 00:02:53 ; elapsed = 00:05:09 . Memory (MB): peak = 1215.895 ; gain = 924.195
---------------------------------------------------------------------------------
---------------------------------------------------------------------------------
Start Renaming Generated Nets
---------------------------------------------------------------------------------
---------------------------------------------------------------------------------
Finished Renaming Generated Nets : Time (s): cpu = 00:02:53 ; elapsed = 00:05:09 . Memory (MB): peak = 1215.895 ; gain = 924.195
---------------------------------------------------------------------------------
---------------------------------------------------------------------------------
Start Writing Synthesis Report
---------------------------------------------------------------------------------

Report BlackBoxes: 
+-+--------------+----------+
| |BlackBox name |Instances |
+-+--------------+----------+
+-+--------------+----------+

Report Cell Usage: 
+------+---------+------+
|      |Cell     |Count |
+------+---------+------+
|1     |LUT6     |   320|
|2     |MUXF7    |   128|
|3     |RAMB36E1 |   128|
|4     |FDRE     |     7|
+------+---------+------+

Report Instance Areas: 
+------+---------------------------------------------+------------------------------------------------+------+
|      |Instance                                     |Module                                          |Cells |
+------+---------------------------------------------+------------------------------------------------+------+
|1     |top                                          |                                                |   583|
|2     |  U0                                         |blk_mem_gen_v8_4_2                              |   583|
|3     |    inst_blk_mem_gen                         |blk_mem_gen_v8_4_2_synth                        |   583|
|4     |      \gnbram.gnativebmg.native_blk_mem_gen  |blk_mem_gen_top                                 |   583|
|5     |        \valid.cstr                          |blk_mem_gen_generic_cstr                        |   583|
|6     |          \has_mux_a.A                       |blk_mem_gen_mux                                 |   423|
|7     |          \ramloop[0].ram.r                  |blk_mem_gen_prim_width                          |     1|
|8     |            \prim_init.ram                   |blk_mem_gen_prim_wrapper_init                   |     1|
|9     |          \ramloop[100].ram.r                |blk_mem_gen_prim_width__parameterized99         |     1|
|10    |            \prim_init.ram                   |blk_mem_gen_prim_wrapper_init__parameterized99  |     1|
|11    |          \ramloop[101].ram.r                |blk_mem_gen_prim_width__parameterized100        |     1|
|12    |            \prim_init.ram                   |blk_mem_gen_prim_wrapper_init__parameterized100 |     1|
|13    |          \ramloop[102].ram.r                |blk_mem_gen_prim_width__parameterized101        |     1|
|14    |            \prim_init.ram                   |blk_mem_gen_prim_wrapper_init__parameterized101 |     1|
|15    |          \ramloop[103].ram.r                |blk_mem_gen_prim_width__parameterized102        |     1|
|16    |            \prim_init.ram                   |blk_mem_gen_prim_wrapper_init__parameterized102 |     1|
|17    |          \ramloop[104].ram.r                |blk_mem_gen_prim_width__parameterized103        |     1|
|18    |            \prim_init.ram                   |blk_mem_gen_prim_wrapper_init__parameterized103 |     1|
|19    |          \ramloop[105].ram.r                |blk_mem_gen_prim_width__parameterized104        |     1|
|20    |            \prim_init.ram                   |blk_mem_gen_prim_wrapper_init__parameterized104 |     1|
|21    |          \ramloop[106].ram.r                |blk_mem_gen_prim_width__parameterized105        |     1|
|22    |            \prim_init.ram                   |blk_mem_gen_prim_wrapper_init__parameterized105 |     1|
|23    |          \ramloop[107].ram.r                |blk_mem_gen_prim_width__parameterized106        |     1|
|24    |            \prim_init.ram                   |blk_mem_gen_prim_wrapper_init__parameterized106 |     1|
|25    |          \ramloop[108].ram.r                |blk_mem_gen_prim_width__parameterized107        |     1|
|26    |            \prim_init.ram                   |blk_mem_gen_prim_wrapper_init__parameterized107 |     1|
|27    |          \ramloop[109].ram.r                |blk_mem_gen_prim_width__parameterized108        |     1|
|28    |            \prim_init.ram                   |blk_mem_gen_prim_wrapper_init__parameterized108 |     1|
|29    |          \ramloop[10].ram.r                 |blk_mem_gen_prim_width__parameterized9          |     1|
|30    |            \prim_init.ram                   |blk_mem_gen_prim_wrapper_init__parameterized9   |     1|
|31    |          \ramloop[110].ram.r                |blk_mem_gen_prim_width__parameterized109        |     1|
|32    |            \prim_init.ram                   |blk_mem_gen_prim_wrapper_init__parameterized109 |     1|
|33    |          \ramloop[111].ram.r                |blk_mem_gen_prim_width__parameterized110        |     1|
|34    |            \prim_init.ram                   |blk_mem_gen_prim_wrapper_init__parameterized110 |     1|
|35    |          \ramloop[112].ram.r                |blk_mem_gen_prim_width__parameterized111        |     1|
|36    |            \prim_init.ram                   |blk_mem_gen_prim_wrapper_init__parameterized111 |     1|
|37    |          \ramloop[113].ram.r                |blk_mem_gen_prim_width__parameterized112        |     1|
|38    |            \prim_init.ram                   |blk_mem_gen_prim_wrapper_init__parameterized112 |     1|
|39    |          \ramloop[114].ram.r                |blk_mem_gen_prim_width__parameterized113        |     1|
|40    |            \prim_init.ram                   |blk_mem_gen_prim_wrapper_init__parameterized113 |     1|
|41    |          \ramloop[115].ram.r                |blk_mem_gen_prim_width__parameterized114        |     1|
|42    |            \prim_init.ram                   |blk_mem_gen_prim_wrapper_init__parameterized114 |     1|
|43    |          \ramloop[116].ram.r                |blk_mem_gen_prim_width__parameterized115        |     1|
|44    |            \prim_init.ram                   |blk_mem_gen_prim_wrapper_init__parameterized115 |     1|
|45    |          \ramloop[117].ram.r                |blk_mem_gen_prim_width__parameterized116        |     1|
|46    |            \prim_init.ram                   |blk_mem_gen_prim_wrapper_init__parameterized116 |     1|
|47    |          \ramloop[118].ram.r                |blk_mem_gen_prim_width__parameterized117        |     1|
|48    |            \prim_init.ram                   |blk_mem_gen_prim_wrapper_init__parameterized117 |     1|
|49    |          \ramloop[119].ram.r                |blk_mem_gen_prim_width__parameterized118        |     1|
|50    |            \prim_init.ram                   |blk_mem_gen_prim_wrapper_init__parameterized118 |     1|
|51    |          \ramloop[11].ram.r                 |blk_mem_gen_prim_width__parameterized10         |     1|
|52    |            \prim_init.ram                   |blk_mem_gen_prim_wrapper_init__parameterized10  |     1|
|53    |          \ramloop[120].ram.r                |blk_mem_gen_prim_width__parameterized119        |     1|
|54    |            \prim_init.ram                   |blk_mem_gen_prim_wrapper_init__parameterized119 |     1|
|55    |          \ramloop[121].ram.r                |blk_mem_gen_prim_width__parameterized120        |     1|
|56    |            \prim_init.ram                   |blk_mem_gen_prim_wrapper_init__parameterized120 |     1|
|57    |          \ramloop[122].ram.r                |blk_mem_gen_prim_width__parameterized121        |     1|
|58    |            \prim_init.ram                   |blk_mem_gen_prim_wrapper_init__parameterized121 |     1|
|59    |          \ramloop[123].ram.r                |blk_mem_gen_prim_width__parameterized122        |     1|
|60    |            \prim_init.ram                   |blk_mem_gen_prim_wrapper_init__parameterized122 |     1|
|61    |          \ramloop[124].ram.r                |blk_mem_gen_prim_width__parameterized123        |     1|
|62    |            \prim_init.ram                   |blk_mem_gen_prim_wrapper_init__parameterized123 |     1|
|63    |          \ramloop[125].ram.r                |blk_mem_gen_prim_width__parameterized124        |     1|
|64    |            \prim_init.ram                   |blk_mem_gen_prim_wrapper_init__parameterized124 |     1|
|65    |          \ramloop[126].ram.r                |blk_mem_gen_prim_width__parameterized125        |     1|
|66    |            \prim_init.ram                   |blk_mem_gen_prim_wrapper_init__parameterized125 |     1|
|67    |          \ramloop[127].ram.r                |blk_mem_gen_prim_width__parameterized126        |     2|
|68    |            \prim_init.ram                   |blk_mem_gen_prim_wrapper_init__parameterized126 |     2|
|69    |          \ramloop[12].ram.r                 |blk_mem_gen_prim_width__parameterized11         |     1|
|70    |            \prim_init.ram                   |blk_mem_gen_prim_wrapper_init__parameterized11  |     1|
|71    |          \ramloop[13].ram.r                 |blk_mem_gen_prim_width__parameterized12         |     1|
|72    |            \prim_init.ram                   |blk_mem_gen_prim_wrapper_init__parameterized12  |     1|
|73    |          \ramloop[14].ram.r                 |blk_mem_gen_prim_width__parameterized13         |     1|
|74    |            \prim_init.ram                   |blk_mem_gen_prim_wrapper_init__parameterized13  |     1|
|75    |          \ramloop[15].ram.r                 |blk_mem_gen_prim_width__parameterized14         |     1|
|76    |            \prim_init.ram                   |blk_mem_gen_prim_wrapper_init__parameterized14  |     1|
|77    |          \ramloop[16].ram.r                 |blk_mem_gen_prim_width__parameterized15         |     1|
|78    |            \prim_init.ram                   |blk_mem_gen_prim_wrapper_init__parameterized15  |     1|
|79    |          \ramloop[17].ram.r                 |blk_mem_gen_prim_width__parameterized16         |     1|
|80    |            \prim_init.ram                   |blk_mem_gen_prim_wrapper_init__parameterized16  |     1|
|81    |          \ramloop[18].ram.r                 |blk_mem_gen_prim_width__parameterized17         |     1|
|82    |            \prim_init.ram                   |blk_mem_gen_prim_wrapper_init__parameterized17  |     1|
|83    |          \ramloop[19].ram.r                 |blk_mem_gen_prim_width__parameterized18         |     1|
|84    |            \prim_init.ram                   |blk_mem_gen_prim_wrapper_init__parameterized18  |     1|
|85    |          \ramloop[1].ram.r                  |blk_mem_gen_prim_width__parameterized0          |     1|
|86    |            \prim_init.ram                   |blk_mem_gen_prim_wrapper_init__parameterized0   |     1|
|87    |          \ramloop[20].ram.r                 |blk_mem_gen_prim_width__parameterized19         |     1|
|88    |            \prim_init.ram                   |blk_mem_gen_prim_wrapper_init__parameterized19  |     1|
|89    |          \ramloop[21].ram.r                 |blk_mem_gen_prim_width__parameterized20         |     1|
|90    |            \prim_init.ram                   |blk_mem_gen_prim_wrapper_init__parameterized20  |     1|
|91    |          \ramloop[22].ram.r                 |blk_mem_gen_prim_width__parameterized21         |     1|
|92    |            \prim_init.ram                   |blk_mem_gen_prim_wrapper_init__parameterized21  |     1|
|93    |          \ramloop[23].ram.r                 |blk_mem_gen_prim_width__parameterized22         |     1|
|94    |            \prim_init.ram                   |blk_mem_gen_prim_wrapper_init__parameterized22  |     1|
|95    |          \ramloop[24].ram.r                 |blk_mem_gen_prim_width__parameterized23         |     1|
|96    |            \prim_init.ram                   |blk_mem_gen_prim_wrapper_init__parameterized23  |     1|
|97    |          \ramloop[25].ram.r                 |blk_mem_gen_prim_width__parameterized24         |     1|
|98    |            \prim_init.ram                   |blk_mem_gen_prim_wrapper_init__parameterized24  |     1|
|99    |          \ramloop[26].ram.r                 |blk_mem_gen_prim_width__parameterized25         |     1|
|100   |            \prim_init.ram                   |blk_mem_gen_prim_wrapper_init__parameterized25  |     1|
|101   |          \ramloop[27].ram.r                 |blk_mem_gen_prim_width__parameterized26         |     1|
|102   |            \prim_init.ram                   |blk_mem_gen_prim_wrapper_init__parameterized26  |     1|
|103   |          \ramloop[28].ram.r                 |blk_mem_gen_prim_width__parameterized27         |     1|
|104   |            \prim_init.ram                   |blk_mem_gen_prim_wrapper_init__parameterized27  |     1|
|105   |          \ramloop[29].ram.r                 |blk_mem_gen_prim_width__parameterized28         |     1|
|106   |            \prim_init.ram                   |blk_mem_gen_prim_wrapper_init__parameterized28  |     1|
|107   |          \ramloop[2].ram.r                  |blk_mem_gen_prim_width__parameterized1          |     1|
|108   |            \prim_init.ram                   |blk_mem_gen_prim_wrapper_init__parameterized1   |     1|
|109   |          \ramloop[30].ram.r                 |blk_mem_gen_prim_width__parameterized29         |     1|
|110   |            \prim_init.ram                   |blk_mem_gen_prim_wrapper_init__parameterized29  |     1|
|111   |          \ramloop[31].ram.r                 |blk_mem_gen_prim_width__parameterized30         |     1|
|112   |            \prim_init.ram                   |blk_mem_gen_prim_wrapper_init__parameterized30  |     1|
|113   |          \ramloop[32].ram.r                 |blk_mem_gen_prim_width__parameterized31         |     1|
|114   |            \prim_init.ram                   |blk_mem_gen_prim_wrapper_init__parameterized31  |     1|
|115   |          \ramloop[33].ram.r                 |blk_mem_gen_prim_width__parameterized32         |     1|
|116   |            \prim_init.ram                   |blk_mem_gen_prim_wrapper_init__parameterized32  |     1|
|117   |          \ramloop[34].ram.r                 |blk_mem_gen_prim_width__parameterized33         |     1|
|118   |            \prim_init.ram                   |blk_mem_gen_prim_wrapper_init__parameterized33  |     1|
|119   |          \ramloop[35].ram.r                 |blk_mem_gen_prim_width__parameterized34         |     1|
|120   |            \prim_init.ram                   |blk_mem_gen_prim_wrapper_init__parameterized34  |     1|
|121   |          \ramloop[36].ram.r                 |blk_mem_gen_prim_width__parameterized35         |     1|
|122   |            \prim_init.ram                   |blk_mem_gen_prim_wrapper_init__parameterized35  |     1|
|123   |          \ramloop[37].ram.r                 |blk_mem_gen_prim_width__parameterized36         |     1|
|124   |            \prim_init.ram                   |blk_mem_gen_prim_wrapper_init__parameterized36  |     1|
|125   |          \ramloop[38].ram.r                 |blk_mem_gen_prim_width__parameterized37         |     1|
|126   |            \prim_init.ram                   |blk_mem_gen_prim_wrapper_init__parameterized37  |     1|
|127   |          \ramloop[39].ram.r                 |blk_mem_gen_prim_width__parameterized38         |     1|
|128   |            \prim_init.ram                   |blk_mem_gen_prim_wrapper_init__parameterized38  |     1|
|129   |          \ramloop[3].ram.r                  |blk_mem_gen_prim_width__parameterized2          |     1|
|130   |            \prim_init.ram                   |blk_mem_gen_prim_wrapper_init__parameterized2   |     1|
|131   |          \ramloop[40].ram.r                 |blk_mem_gen_prim_width__parameterized39         |     1|
|132   |            \prim_init.ram                   |blk_mem_gen_prim_wrapper_init__parameterized39  |     1|
|133   |          \ramloop[41].ram.r                 |blk_mem_gen_prim_width__parameterized40         |     1|
|134   |            \prim_init.ram                   |blk_mem_gen_prim_wrapper_init__parameterized40  |     1|
|135   |          \ramloop[42].ram.r                 |blk_mem_gen_prim_width__parameterized41         |     1|
|136   |            \prim_init.ram                   |blk_mem_gen_prim_wrapper_init__parameterized41  |     1|
|137   |          \ramloop[43].ram.r                 |blk_mem_gen_prim_width__parameterized42         |     1|
|138   |            \prim_init.ram                   |blk_mem_gen_prim_wrapper_init__parameterized42  |     1|
|139   |          \ramloop[44].ram.r                 |blk_mem_gen_prim_width__parameterized43         |     1|
|140   |            \prim_init.ram                   |blk_mem_gen_prim_wrapper_init__parameterized43  |     1|
|141   |          \ramloop[45].ram.r                 |blk_mem_gen_prim_width__parameterized44         |     1|
|142   |            \prim_init.ram                   |blk_mem_gen_prim_wrapper_init__parameterized44  |     1|
|143   |          \ramloop[46].ram.r                 |blk_mem_gen_prim_width__parameterized45         |     1|
|144   |            \prim_init.ram                   |blk_mem_gen_prim_wrapper_init__parameterized45  |     1|
|145   |          \ramloop[47].ram.r                 |blk_mem_gen_prim_width__parameterized46         |     1|
|146   |            \prim_init.ram                   |blk_mem_gen_prim_wrapper_init__parameterized46  |     1|
|147   |          \ramloop[48].ram.r                 |blk_mem_gen_prim_width__parameterized47         |     1|
|148   |            \prim_init.ram                   |blk_mem_gen_prim_wrapper_init__parameterized47  |     1|
|149   |          \ramloop[49].ram.r                 |blk_mem_gen_prim_width__parameterized48         |     1|
|150   |            \prim_init.ram                   |blk_mem_gen_prim_wrapper_init__parameterized48  |     1|
|151   |          \ramloop[4].ram.r                  |blk_mem_gen_prim_width__parameterized3          |     1|
|152   |            \prim_init.ram                   |blk_mem_gen_prim_wrapper_init__parameterized3   |     1|
|153   |          \ramloop[50].ram.r                 |blk_mem_gen_prim_width__parameterized49         |     1|
|154   |            \prim_init.ram                   |blk_mem_gen_prim_wrapper_init__parameterized49  |     1|
|155   |          \ramloop[51].ram.r                 |blk_mem_gen_prim_width__parameterized50         |     1|
|156   |            \prim_init.ram                   |blk_mem_gen_prim_wrapper_init__parameterized50  |     1|
|157   |          \ramloop[52].ram.r                 |blk_mem_gen_prim_width__parameterized51         |     1|
|158   |            \prim_init.ram                   |blk_mem_gen_prim_wrapper_init__parameterized51  |     1|
|159   |          \ramloop[53].ram.r                 |blk_mem_gen_prim_width__parameterized52         |     1|
|160   |            \prim_init.ram                   |blk_mem_gen_prim_wrapper_init__parameterized52  |     1|
|161   |          \ramloop[54].ram.r                 |blk_mem_gen_prim_width__parameterized53         |     1|
|162   |            \prim_init.ram                   |blk_mem_gen_prim_wrapper_init__parameterized53  |     1|
|163   |          \ramloop[55].ram.r                 |blk_mem_gen_prim_width__parameterized54         |     1|
|164   |            \prim_init.ram                   |blk_mem_gen_prim_wrapper_init__parameterized54  |     1|
|165   |          \ramloop[56].ram.r                 |blk_mem_gen_prim_width__parameterized55         |     1|
|166   |            \prim_init.ram                   |blk_mem_gen_prim_wrapper_init__parameterized55  |     1|
|167   |          \ramloop[57].ram.r                 |blk_mem_gen_prim_width__parameterized56         |     1|
|168   |            \prim_init.ram                   |blk_mem_gen_prim_wrapper_init__parameterized56  |     1|
|169   |          \ramloop[58].ram.r                 |blk_mem_gen_prim_width__parameterized57         |     1|
|170   |            \prim_init.ram                   |blk_mem_gen_prim_wrapper_init__parameterized57  |     1|
|171   |          \ramloop[59].ram.r                 |blk_mem_gen_prim_width__parameterized58         |     1|
|172   |            \prim_init.ram                   |blk_mem_gen_prim_wrapper_init__parameterized58  |     1|
|173   |          \ramloop[5].ram.r                  |blk_mem_gen_prim_width__parameterized4          |     1|
|174   |            \prim_init.ram                   |blk_mem_gen_prim_wrapper_init__parameterized4   |     1|
|175   |          \ramloop[60].ram.r                 |blk_mem_gen_prim_width__parameterized59         |     1|
|176   |            \prim_init.ram                   |blk_mem_gen_prim_wrapper_init__parameterized59  |     1|
|177   |          \ramloop[61].ram.r                 |blk_mem_gen_prim_width__parameterized60         |     1|
|178   |            \prim_init.ram                   |blk_mem_gen_prim_wrapper_init__parameterized60  |     1|
|179   |          \ramloop[62].ram.r                 |blk_mem_gen_prim_width__parameterized61         |     1|
|180   |            \prim_init.ram                   |blk_mem_gen_prim_wrapper_init__parameterized61  |     1|
|181   |          \ramloop[63].ram.r                 |blk_mem_gen_prim_width__parameterized62         |     1|
|182   |            \prim_init.ram                   |blk_mem_gen_prim_wrapper_init__parameterized62  |     1|
|183   |          \ramloop[64].ram.r                 |blk_mem_gen_prim_width__parameterized63         |     2|
|184   |            \prim_init.ram                   |blk_mem_gen_prim_wrapper_init__parameterized63  |     2|
|185   |          \ramloop[65].ram.r                 |blk_mem_gen_prim_width__parameterized64         |     2|
|186   |            \prim_init.ram                   |blk_mem_gen_prim_wrapper_init__parameterized64  |     2|
|187   |          \ramloop[66].ram.r                 |blk_mem_gen_prim_width__parameterized65         |     2|
|188   |            \prim_init.ram                   |blk_mem_gen_prim_wrapper_init__parameterized65  |     2|
|189   |          \ramloop[67].ram.r                 |blk_mem_gen_prim_width__parameterized66         |     2|
|190   |            \prim_init.ram                   |blk_mem_gen_prim_wrapper_init__parameterized66  |     2|
|191   |          \ramloop[68].ram.r                 |blk_mem_gen_prim_width__parameterized67         |     2|
|192   |            \prim_init.ram                   |blk_mem_gen_prim_wrapper_init__parameterized67  |     2|
|193   |          \ramloop[69].ram.r                 |blk_mem_gen_prim_width__parameterized68         |     2|
|194   |            \prim_init.ram                   |blk_mem_gen_prim_wrapper_init__parameterized68  |     2|
|195   |          \ramloop[6].ram.r                  |blk_mem_gen_prim_width__parameterized5          |     1|
|196   |            \prim_init.ram                   |blk_mem_gen_prim_wrapper_init__parameterized5   |     1|
|197   |          \ramloop[70].ram.r                 |blk_mem_gen_prim_width__parameterized69         |     2|
|198   |            \prim_init.ram                   |blk_mem_gen_prim_wrapper_init__parameterized69  |     2|
|199   |          \ramloop[71].ram.r                 |blk_mem_gen_prim_width__parameterized70         |     2|
|200   |            \prim_init.ram                   |blk_mem_gen_prim_wrapper_init__parameterized70  |     2|
|201   |          \ramloop[72].ram.r                 |blk_mem_gen_prim_width__parameterized71         |     2|
|202   |            \prim_init.ram                   |blk_mem_gen_prim_wrapper_init__parameterized71  |     2|
|203   |          \ramloop[73].ram.r                 |blk_mem_gen_prim_width__parameterized72         |     2|
|204   |            \prim_init.ram                   |blk_mem_gen_prim_wrapper_init__parameterized72  |     2|
|205   |          \ramloop[74].ram.r                 |blk_mem_gen_prim_width__parameterized73         |     2|
|206   |            \prim_init.ram                   |blk_mem_gen_prim_wrapper_init__parameterized73  |     2|
|207   |          \ramloop[75].ram.r                 |blk_mem_gen_prim_width__parameterized74         |     2|
|208   |            \prim_init.ram                   |blk_mem_gen_prim_wrapper_init__parameterized74  |     2|
|209   |          \ramloop[76].ram.r                 |blk_mem_gen_prim_width__parameterized75         |     2|
|210   |            \prim_init.ram                   |blk_mem_gen_prim_wrapper_init__parameterized75  |     2|
|211   |          \ramloop[77].ram.r                 |blk_mem_gen_prim_width__parameterized76         |     2|
|212   |            \prim_init.ram                   |blk_mem_gen_prim_wrapper_init__parameterized76  |     2|
|213   |          \ramloop[78].ram.r                 |blk_mem_gen_prim_width__parameterized77         |     2|
|214   |            \prim_init.ram                   |blk_mem_gen_prim_wrapper_init__parameterized77  |     2|
|215   |          \ramloop[79].ram.r                 |blk_mem_gen_prim_width__parameterized78         |     2|
|216   |            \prim_init.ram                   |blk_mem_gen_prim_wrapper_init__parameterized78  |     2|
|217   |          \ramloop[7].ram.r                  |blk_mem_gen_prim_width__parameterized6          |     1|
|218   |            \prim_init.ram                   |blk_mem_gen_prim_wrapper_init__parameterized6   |     1|
|219   |          \ramloop[80].ram.r                 |blk_mem_gen_prim_width__parameterized79         |     2|
|220   |            \prim_init.ram                   |blk_mem_gen_prim_wrapper_init__parameterized79  |     2|
|221   |          \ramloop[81].ram.r                 |blk_mem_gen_prim_width__parameterized80         |     2|
|222   |            \prim_init.ram                   |blk_mem_gen_prim_wrapper_init__parameterized80  |     2|
|223   |          \ramloop[82].ram.r                 |blk_mem_gen_prim_width__parameterized81         |     2|
|224   |            \prim_init.ram                   |blk_mem_gen_prim_wrapper_init__parameterized81  |     2|
|225   |          \ramloop[83].ram.r                 |blk_mem_gen_prim_width__parameterized82         |     2|
|226   |            \prim_init.ram                   |blk_mem_gen_prim_wrapper_init__parameterized82  |     2|
|227   |          \ramloop[84].ram.r                 |blk_mem_gen_prim_width__parameterized83         |     2|
|228   |            \prim_init.ram                   |blk_mem_gen_prim_wrapper_init__parameterized83  |     2|
|229   |          \ramloop[85].ram.r                 |blk_mem_gen_prim_width__parameterized84         |     2|
|230   |            \prim_init.ram                   |blk_mem_gen_prim_wrapper_init__parameterized84  |     2|
|231   |          \ramloop[86].ram.r                 |blk_mem_gen_prim_width__parameterized85         |     2|
|232   |            \prim_init.ram                   |blk_mem_gen_prim_wrapper_init__parameterized85  |     2|
|233   |          \ramloop[87].ram.r                 |blk_mem_gen_prim_width__parameterized86         |     2|
|234   |            \prim_init.ram                   |blk_mem_gen_prim_wrapper_init__parameterized86  |     2|
|235   |          \ramloop[88].ram.r                 |blk_mem_gen_prim_width__parameterized87         |     2|
|236   |            \prim_init.ram                   |blk_mem_gen_prim_wrapper_init__parameterized87  |     2|
|237   |          \ramloop[89].ram.r                 |blk_mem_gen_prim_width__parameterized88         |     2|
|238   |            \prim_init.ram                   |blk_mem_gen_prim_wrapper_init__parameterized88  |     2|
|239   |          \ramloop[8].ram.r                  |blk_mem_gen_prim_width__parameterized7          |     1|
|240   |            \prim_init.ram                   |blk_mem_gen_prim_wrapper_init__parameterized7   |     1|
|241   |          \ramloop[90].ram.r                 |blk_mem_gen_prim_width__parameterized89         |     2|
|242   |            \prim_init.ram                   |blk_mem_gen_prim_wrapper_init__parameterized89  |     2|
|243   |          \ramloop[91].ram.r                 |blk_mem_gen_prim_width__parameterized90         |     2|
|244   |            \prim_init.ram                   |blk_mem_gen_prim_wrapper_init__parameterized90  |     2|
|245   |          \ramloop[92].ram.r                 |blk_mem_gen_prim_width__parameterized91         |     2|
|246   |            \prim_init.ram                   |blk_mem_gen_prim_wrapper_init__parameterized91  |     2|
|247   |          \ramloop[93].ram.r                 |blk_mem_gen_prim_width__parameterized92         |     2|
|248   |            \prim_init.ram                   |blk_mem_gen_prim_wrapper_init__parameterized92  |     2|
|249   |          \ramloop[94].ram.r                 |blk_mem_gen_prim_width__parameterized93         |     2|
|250   |            \prim_init.ram                   |blk_mem_gen_prim_wrapper_init__parameterized93  |     2|
|251   |          \ramloop[95].ram.r                 |blk_mem_gen_prim_width__parameterized94         |     1|
|252   |            \prim_init.ram                   |blk_mem_gen_prim_wrapper_init__parameterized94  |     1|
|253   |          \ramloop[96].ram.r                 |blk_mem_gen_prim_width__parameterized95         |     1|
|254   |            \prim_init.ram                   |blk_mem_gen_prim_wrapper_init__parameterized95  |     1|
|255   |          \ramloop[97].ram.r                 |blk_mem_gen_prim_width__parameterized96         |     1|
|256   |            \prim_init.ram                   |blk_mem_gen_prim_wrapper_init__parameterized96  |     1|
|257   |          \ramloop[98].ram.r                 |blk_mem_gen_prim_width__parameterized97         |     1|
|258   |            \prim_init.ram                   |blk_mem_gen_prim_wrapper_init__parameterized97  |     1|
|259   |          \ramloop[99].ram.r                 |blk_mem_gen_prim_width__parameterized98         |     1|
|260   |            \prim_init.ram                   |blk_mem_gen_prim_wrapper_init__parameterized98  |     1|
|261   |          \ramloop[9].ram.r                  |blk_mem_gen_prim_width__parameterized8          |     1|
|262   |            \prim_init.ram                   |blk_mem_gen_prim_wrapper_init__parameterized8   |     1|
+------+---------------------------------------------+------------------------------------------------+------+
---------------------------------------------------------------------------------
Finished Writing Synthesis Report : Time (s): cpu = 00:02:53 ; elapsed = 00:05:09 . Memory (MB): peak = 1215.895 ; gain = 924.195
---------------------------------------------------------------------------------
Synthesis finished with 0 errors, 0 critical warnings and 262 warnings.
Synthesis Optimization Runtime : Time (s): cpu = 00:00:10 ; elapsed = 00:05:01 . Memory (MB): peak = 1215.895 ; gain = 924.195
Synthesis Optimization Complete : Time (s): cpu = 00:02:53 ; elapsed = 00:05:10 . Memory (MB): peak = 1215.895 ; gain = 924.195
INFO: [Project 1-571] Translating synthesized netlist
INFO: [Netlist 29-17] Analyzing 256 Unisim elements for replacement
INFO: [Netlist 29-28] Unisim Transformation completed in 0 CPU seconds
INFO: [Project 1-570] Preparing netlist for logic optimization
INFO: [Opt 31-138] Pushed 0 inverter(s) to 0 load pin(s).
Netlist sorting complete. Time (s): cpu = 00:00:00 ; elapsed = 00:00:00.002 . Memory (MB): peak = 1215.895 ; gain = 0.000
INFO: [Project 1-111] Unisim Transformation Summary:
No Unisim elements were transformed.

INFO: [Common 17-83] Releasing license: Synthesis
17 Infos, 100 Warnings, 0 Critical Warnings and 0 Errors encountered.
synth_design completed successfully
synth_design: Time (s): cpu = 00:02:55 ; elapsed = 00:05:13 . Memory (MB): peak = 1215.895 ; gain = 935.691
Netlist sorting complete. Time (s): cpu = 00:00:00 ; elapsed = 00:00:00.002 . Memory (MB): peak = 1215.895 ; gain = 0.000
WARNING: [Constraints 18-5210] No constraints selected for write.
Resolution: This message can indicate that there are no constraints for the design, or it can indicate that the used_in flags are set such that the constraints are ignored. This later case is used when running synth_design to not write synthesis constraints to the resulting checkpoint. Instead, project constraints are read when the synthesized design is opened.
INFO: [Common 17-1381] The checkpoint 'D:/Harry/university/CPU/Pipeline/Pipeline.runs/blk_mem_synth_1/blk_mem.dcp' has been generated.
INFO: [Coretcl 2-1648] Added synthesis output to IP cache for IP blk_mem, cache-ID = ab71e45822a4bf2e
INFO: [Coretcl 2-1174] Renamed 261 cell refs.
Netlist sorting complete. Time (s): cpu = 00:00:00 ; elapsed = 00:00:00.001 . Memory (MB): peak = 1215.895 ; gain = 0.000
WARNING: [Constraints 18-5210] No constraints selected for write.
Resolution: This message can indicate that there are no constraints for the design, or it can indicate that the used_in flags are set such that the constraints are ignored. This later case is used when running synth_design to not write synthesis constraints to the resulting checkpoint. Instead, project constraints are read when the synthesized design is opened.
INFO: [Common 17-1381] The checkpoint 'D:/Harry/university/CPU/Pipeline/Pipeline.runs/blk_mem_synth_1/blk_mem.dcp' has been generated.
INFO: [runtcl-4] Executing : report_utilization -file blk_mem_utilization_synth.rpt -pb blk_mem_utilization_synth.pb
INFO: [Common 17-206] Exiting Vivado at Mon Apr 10 15:13:12 2023...
